<?xml version="1.0" encoding="UTF-8"?>
<coverage generated="1509377357">
  <project timestamp="1509377357">
    <package name="Thinktomorrow\AssetLibrary">
      <file name="/Users/philippedamen/Code/assetlibrary/src/AssetLibraryServiceProvider.php">
        <class name="AssetLibraryServiceProvider" namespace="Thinktomorrow\AssetLibrary">
          <metrics complexity="10" methods="7" coveredmethods="6" conditionals="0" coveredconditionals="0" statements="24" coveredstatements="23" elements="31" coveredelements="29"/>
        </class>
        <line num="24" type="method" name="boot" visibility="public" complexity="1" crap="1" count="46"/>
        <line num="26" type="stmt" count="46"/>
        <line num="27" type="stmt" count="46"/>
        <line num="28" type="stmt" count="46"/>
        <line num="30" type="stmt" count="46"/>
        <line num="32" type="stmt" count="46"/>
        <line num="34" type="stmt" count="46"/>
        <line num="35" type="stmt" count="46"/>
        <line num="36" type="stmt" count="46"/>
        <line num="44" type="method" name="registerEloquentFactoriesFrom" visibility="protected" complexity="1" crap="1" count="46"/>
        <line num="46" type="stmt" count="46"/>
        <line num="47" type="stmt" count="46"/>
        <line num="57" type="method" name="anonymousFunction:57#209" complexity="1" crap="1" count="46"/>
        <line num="58" type="stmt" count="46"/>
        <line num="59" type="stmt" count="46"/>
        <line num="60" type="stmt" count="46"/>
        <line num="67" type="method" name="register" visibility="public" complexity="1" crap="1" count="46"/>
        <line num="69" type="stmt" count="46"/>
        <line num="71" type="stmt" count="46"/>
        <line num="72" type="stmt" count="46"/>
        <line num="74" type="method" name="registerModelBindings" visibility="protected" complexity="1" crap="1" count="46"/>
        <line num="77" type="stmt" count="46"/>
        <line num="84" type="method" name="anonymousFunction:84#299" complexity="1" crap="1.12" count="46"/>
        <line num="85" type="stmt" count="0"/>
        <line num="86" type="stmt" count="46"/>
        <line num="87" type="stmt" count="46"/>
        <line num="92" type="method" name="publishMigrations" visibility="public" complexity="2" crap="2" count="46"/>
        <line num="94" type="stmt" count="46"/>
        <line num="95" type="stmt" count="1"/>
        <line num="96" type="stmt" count="1"/>
        <line num="97" type="stmt" count="1"/>
        <line num="98" type="stmt" count="1"/>
        <line num="100" type="stmt" count="46"/>
        <metrics loc="101" ncloc="66" classes="1" methods="7" coveredmethods="6" conditionals="0" coveredconditionals="0" statements="26" coveredstatements="25" elements="33" coveredelements="31"/>
      </file>
    </package>
    <package name="Spatie\MediaLibrary\Exceptions">
      <file name="/Users/philippedamen/Code/assetlibrary/src/Exceptions/ConfigException.php">
        <class name="ConfigException" namespace="Spatie\MediaLibrary\Exceptions">
          <metrics complexity="1" methods="1" coveredmethods="1" conditionals="0" coveredconditionals="0" statements="1" coveredstatements="1" elements="2" coveredelements="2"/>
        </class>
        <line num="9" type="method" name="create" visibility="public" complexity="1" crap="1" count="1"/>
        <line num="11" type="stmt" count="1"/>
        <metrics loc="12" ncloc="12" classes="1" methods="1" coveredmethods="1" conditionals="0" coveredconditionals="0" statements="1" coveredstatements="1" elements="2" coveredelements="2"/>
      </file>
    </package>
    <package name="Thinktomorrow\AssetLibrary\Http\Controllers">
      <file name="/Users/philippedamen/Code/assetlibrary/src/Http/Controller/Controller.php">
        <class name="Controller" namespace="Thinktomorrow\AssetLibrary\Http\Controllers">
          <metrics complexity="0" methods="0" coveredmethods="0" conditionals="0" coveredconditionals="0" statements="0" coveredstatements="0" elements="0" coveredelements="0"/>
        </class>
        <metrics loc="10" ncloc="10" classes="0" methods="0" coveredmethods="0" conditionals="0" coveredconditionals="0" statements="0" coveredstatements="0" elements="0" coveredelements="0"/>
      </file>
      <file name="/Users/philippedamen/Code/assetlibrary/src/Http/Controller/MediaController.php">
        <class name="MediaController" namespace="Thinktomorrow\AssetLibrary\Http\Controllers">
          <metrics complexity="2" methods="2" coveredmethods="0" conditionals="0" coveredconditionals="0" statements="4" coveredstatements="0" elements="6" coveredelements="0"/>
        </class>
        <line num="10" type="method" name="store" visibility="public" complexity="1" crap="2" count="0"/>
        <line num="12" type="stmt" count="0"/>
        <line num="14" type="stmt" count="0"/>
        <line num="17" type="method" name="destroy" visibility="public" complexity="1" crap="2" count="0"/>
        <line num="19" type="stmt" count="0"/>
        <line num="21" type="stmt" count="0"/>
        <metrics loc="23" ncloc="23" classes="1" methods="2" coveredmethods="0" conditionals="0" coveredconditionals="0" statements="4" coveredstatements="0" elements="6" coveredelements="0"/>
      </file>
      <file name="/Users/philippedamen/Code/assetlibrary/src/Http/Controller/MediaLibraryController.php">
        <class name="MediaLibraryController" namespace="Thinktomorrow\AssetLibrary\Http\Controllers">
          <metrics complexity="1" methods="1" coveredmethods="0" conditionals="0" coveredconditionals="0" statements="8" coveredstatements="0" elements="9" coveredelements="0"/>
        </class>
        <line num="11" type="method" name="index" visibility="public" complexity="1" crap="2" count="0"/>
        <line num="13" type="stmt" count="0"/>
        <line num="15" type="stmt" count="0"/>
        <line num="16" type="stmt" count="0"/>
        <line num="17" type="stmt" count="0"/>
        <line num="18" type="stmt" count="0"/>
        <line num="19" type="stmt" count="0"/>
        <line num="21" type="stmt" count="0"/>
        <line num="24" type="stmt" count="0"/>
        <metrics loc="26" ncloc="26" classes="1" methods="1" coveredmethods="0" conditionals="0" coveredconditionals="0" statements="8" coveredstatements="0" elements="9" coveredelements="0"/>
      </file>
    </package>
    <package name="Thinktomorrow\AssetLibrary\Models">
      <file name="/Users/philippedamen/Code/assetlibrary/src/Models/Asset.php">
        <class name="Asset" namespace="Thinktomorrow\AssetLibrary\Models">
          <metrics complexity="35" methods="15" coveredmethods="13" conditionals="0" coveredconditionals="0" statements="69" coveredstatements="67" elements="84" coveredelements="80"/>
        </class>
        <line num="30" type="method" name="attachToModel" visibility="public" complexity="1" crap="1" count="21"/>
        <line num="32" type="stmt" count="21"/>
        <line num="34" type="stmt" count="21"/>
        <line num="36" type="stmt" count="21"/>
        <line num="38" type="stmt" count="21"/>
        <line num="44" type="method" name="hasFile" visibility="public" complexity="1" crap="1" count="1"/>
        <line num="46" type="stmt" count="1"/>
        <line num="53" type="method" name="getFilename" visibility="public" complexity="1" crap="1" count="10"/>
        <line num="55" type="stmt" count="10"/>
        <line num="62" type="method" name="getFileUrl" visibility="public" complexity="3" crap="3" count="32"/>
        <line num="64" type="stmt" count="32"/>
        <line num="66" type="stmt" count="32"/>
        <line num="67" type="stmt" count="1"/>
        <line num="69" type="stmt" count="31"/>
        <line num="72" type="stmt" count="32"/>
        <line num="81" type="method" name="getImageUrl" visibility="public" complexity="4" crap="4.03" count="7"/>
        <line num="83" type="stmt" count="7"/>
        <line num="84" type="stmt" count="0"/>
        <line num="86" type="stmt" count="7"/>
        <line num="87" type="stmt" count="7"/>
        <line num="88" type="stmt" count="6"/>
        <line num="89" type="stmt" count="1"/>
        <line num="90" type="stmt" count="1"/>
        <line num="93" type="stmt" count="1"/>
        <line num="99" type="method" name="getExtensionForFilter" visibility="public" complexity="2" crap="2.15" count="1"/>
        <line num="101" type="stmt" count="1"/>
        <line num="102" type="stmt" count="1"/>
        <line num="105" type="stmt" count="0"/>
        <line num="111" type="method" name="getExtensionType" visibility="public" complexity="5" crap="5" count="8"/>
        <line num="113" type="stmt" count="8"/>
        <line num="114" type="stmt" count="8"/>
        <line num="116" type="stmt" count="8"/>
        <line num="117" type="stmt" count="1"/>
        <line num="119" type="stmt" count="8"/>
        <line num="120" type="stmt" count="7"/>
        <line num="122" type="stmt" count="2"/>
        <line num="123" type="stmt" count="2"/>
        <line num="126" type="stmt" count="1"/>
        <line num="132" type="method" name="getMimeType" visibility="public" complexity="2" crap="2" count="2"/>
        <line num="134" type="stmt" count="2"/>
        <line num="140" type="method" name="isMediaEmpty" visibility="public" complexity="1" crap="1" count="5"/>
        <line num="142" type="stmt" count="5"/>
        <line num="148" type="method" name="getSize" visibility="public" complexity="2" crap="2" count="2"/>
        <line num="150" type="stmt" count="2"/>
        <line num="157" type="method" name="getDimensions" visibility="public" complexity="3" crap="3" count="3"/>
        <line num="159" type="stmt" count="3"/>
        <line num="162" type="stmt" count="2"/>
        <line num="164" type="stmt" count="1"/>
        <line num="165" type="stmt" count="1"/>
        <line num="168" type="stmt" count="1"/>
        <line num="175" type="method" name="remove" visibility="public" complexity="3" crap="3" count="4"/>
        <line num="177" type="stmt" count="4"/>
        <line num="178" type="stmt" count="1"/>
        <line num="179" type="stmt" count="1"/>
        <line num="182" type="stmt" count="3"/>
        <line num="184" type="stmt" count="4"/>
        <line num="190" type="method" name="getAllAssets" visibility="public" complexity="1" crap="1" count="3"/>
        <line num="192" type="stmt" count="3"/>
        <line num="204" type="method" name="crop" visibility="public" complexity="2" crap="2" count="2"/>
        <line num="206" type="stmt" count="2"/>
        <line num="208" type="stmt" count="1"/>
        <line num="210" type="stmt" count="1"/>
        <line num="212" type="stmt" count="1"/>
        <line num="216" type="stmt" count="1"/>
        <line num="218" type="stmt" count="1"/>
        <line num="226" type="method" name="registerMediaConversions" visibility="public" complexity="4" crap="4" count="41"/>
        <line num="228" type="stmt" count="41"/>
        <line num="229" type="stmt" count="41"/>
        <line num="231" type="stmt" count="41"/>
        <line num="232" type="stmt" count="41"/>
        <line num="233" type="stmt" count="1"/>
        <line num="235" type="stmt" count="41"/>
        <line num="238" type="stmt" count="41"/>
        <line num="239" type="stmt" count="41"/>
        <line num="240" type="stmt" count="41"/>
        <line num="241" type="stmt" count="41"/>
        <line num="242" type="stmt" count="41"/>
        <line num="243" type="stmt" count="41"/>
        <line num="246" type="stmt" count="41"/>
        <line num="248" type="stmt" count="1"/>
        <line num="249" type="stmt" count="1"/>
        <line num="250" type="stmt" count="1"/>
        <line num="251" type="stmt" count="1"/>
        <line num="253" type="stmt" count="41"/>
        <metrics loc="254" ncloc="181" classes="1" methods="15" coveredmethods="13" conditionals="0" coveredconditionals="0" statements="69" coveredstatements="67" elements="84" coveredelements="80"/>
      </file>
      <file name="/Users/philippedamen/Code/assetlibrary/src/Models/AssetUploader.php">
        <class name="AssetUploader" namespace="Thinktomorrow\AssetLibrary\Models">
          <metrics complexity="13" methods="4" coveredmethods="4" conditionals="0" coveredconditionals="0" statements="19" coveredstatements="19" elements="23" coveredelements="23"/>
        </class>
        <line num="19" type="method" name="upload" visibility="public" complexity="6" crap="6" count="42"/>
        <line num="21" type="stmt" count="42"/>
        <line num="23" type="stmt" count="42"/>
        <line num="24" type="stmt" count="5"/>
        <line num="25" type="stmt" count="42"/>
        <line num="26" type="method" name="anonymousFunction:26#120" complexity="2" crap="2" count="6"/>
        <line num="27" type="stmt" count="6"/>
        <line num="28" type="stmt" count="2"/>
        <line num="30" type="stmt" count="5"/>
        <line num="31" type="stmt" count="5"/>
        <line num="32" type="stmt" count="5"/>
        <line num="34" type="stmt" count="6"/>
        <line num="36" type="stmt" count="6"/>
        <line num="39" type="stmt" count="38"/>
        <line num="40" type="stmt" count="38"/>
        <line num="42" type="stmt" count="38"/>
        <line num="43" type="stmt" count="1"/>
        <line num="46" type="stmt" count="37"/>
        <line num="58" type="method" name="uploadToAsset" visibility="public" complexity="4" crap="4" count="41"/>
        <line num="60" type="stmt" count="41"/>
        <line num="61" type="stmt" count="41"/>
        <line num="62" type="stmt" count="38"/>
        <line num="65" type="stmt" count="41"/>
        <line num="66" type="stmt" count="41"/>
        <line num="67" type="stmt" count="2"/>
        <line num="70" type="stmt" count="41"/>
        <line num="72" type="stmt" count="41"/>
        <line num="79" type="method" name="isImage" visibility="private" complexity="1" crap="1" count="41"/>
        <line num="81" type="stmt" count="41"/>
        <metrics loc="83" ncloc="62" classes="1" methods="4" coveredmethods="4" conditionals="0" coveredconditionals="0" statements="25" coveredstatements="25" elements="29" coveredelements="29"/>
      </file>
    </package>
    <package name="Thinktomorrow\AssetLibrary\Traits">
      <file name="/Users/philippedamen/Code/assetlibrary/src/Traits/AssetTrait.php">
        <class name="AssetTrait" namespace="Thinktomorrow\AssetLibrary\Traits">
          <metrics complexity="19" methods="11" coveredmethods="11" conditionals="0" coveredconditionals="0" statements="36" coveredstatements="36" elements="47" coveredelements="47"/>
        </class>
        <line num="15" type="method" name="assets" visibility="public" complexity="1" crap="1" count="21"/>
        <line num="17" type="stmt" count="21"/>
        <line num="25" type="method" name="hasFile" visibility="public" complexity="2" crap="2" count="4"/>
        <line num="27" type="stmt" count="4"/>
        <line num="29" type="stmt" count="4"/>
        <line num="37" type="method" name="getFilename" visibility="public" complexity="1" crap="1" count="6"/>
        <line num="39" type="stmt" count="6"/>
        <line num="48" type="method" name="getFileUrl" visibility="public" complexity="6" crap="6" count="17"/>
        <line num="50" type="stmt" count="17"/>
        <line num="51" type="stmt" count="2"/>
        <line num="54" type="stmt" count="17"/>
        <line num="56" type="stmt" count="17"/>
        <line num="57" type="stmt" count="17"/>
        <line num="58" type="stmt" count="5"/>
        <line num="61" type="stmt" count="17"/>
        <line num="62" type="stmt" count="1"/>
        <line num="65" type="stmt" count="17"/>
        <line num="75" type="method" name="addFile" visibility="public" complexity="2" crap="2" count="8"/>
        <line num="77" type="stmt" count="8"/>
        <line num="79" type="stmt" count="8"/>
        <line num="80" type="stmt" count="8"/>
        <line num="81" type="stmt" count="8"/>
        <line num="83" type="stmt" count="8"/>
        <line num="92" type="method" name="addFiles" visibility="public" complexity="1" crap="1" count="3"/>
        <line num="94" type="stmt" count="3"/>
        <line num="95" type="stmt" count="3"/>
        <line num="97" type="stmt" count="3"/>
        <line num="99" type="stmt" count="3"/>
        <line num="100" type="stmt" count="3"/>
        <line num="107" type="method" name="anonymousFunction:107#568" complexity="1" crap="1" count="1"/>
        <line num="108" type="stmt" count="1"/>
        <line num="109" type="stmt" count="1"/>
        <line num="111" type="stmt" count="1"/>
        <line num="119" type="method" name="deleteAsset" visibility="public" complexity="1" crap="1" count="1"/>
        <line num="121" type="stmt" count="1"/>
        <line num="122" type="stmt" count="1"/>
        <line num="130" type="method" name="replace" visibility="public" complexity="1" crap="1" count="1"/>
        <line num="132" type="stmt" count="1"/>
        <line num="133" type="stmt" count="1"/>
        <line num="135" type="stmt" count="1"/>
        <line num="136" type="stmt" count="1"/>
        <line num="143" type="method" name="getAllFiles" visibility="public" complexity="1" crap="1" count="4"/>
        <line num="145" type="stmt" count="4"/>
        <line num="147" type="stmt" count="4"/>
        <line num="149" type="stmt" count="4"/>
        <line num="156" type="method" name="normalizeLocale" visibility="private" complexity="1" crap="1" count="20"/>
        <line num="158" type="stmt" count="20"/>
        <line num="160" type="stmt" count="20"/>
        <metrics loc="162" ncloc="106" classes="1" methods="11" coveredmethods="11" conditionals="0" coveredconditionals="0" statements="37" coveredstatements="37" elements="48" coveredelements="48"/>
      </file>
    </package>
    <package name="Thinktomorrow\AssetLibrary\Utilities">
      <file name="/Users/philippedamen/Code/assetlibrary/src/Utilities/AssetFormHelper.php">
        <class name="AssetFormHelper" namespace="Thinktomorrow\AssetLibrary\Utilities">
          <metrics complexity="3" methods="2" coveredmethods="2" conditionals="0" coveredconditionals="0" statements="5" coveredstatements="5" elements="7" coveredelements="7"/>
        </class>
        <line num="18" type="method" name="typeField" visibility="public" complexity="2" crap="2" count="3"/>
        <line num="20" type="stmt" count="3"/>
        <line num="22" type="stmt" count="3"/>
        <line num="23" type="stmt" count="3"/>
        <line num="26" type="stmt" count="1"/>
        <line num="36" type="method" name="localeField" visibility="public" complexity="1" crap="1" count="1"/>
        <line num="38" type="stmt" count="1"/>
        <metrics loc="39" ncloc="23" classes="1" methods="2" coveredmethods="2" conditionals="0" coveredconditionals="0" statements="5" coveredstatements="5" elements="7" coveredelements="7"/>
      </file>
    </package>
    <metrics files="9" loc="710" ncloc="509" classes="8" methods="43" coveredmethods="37" conditionals="0" coveredconditionals="0" statements="175" coveredstatements="160" elements="218" coveredelements="197"/>
  </project>
</coverage>
