<?xml version="1.0" encoding="UTF-8"?>
<coverage generated="1532594209">
  <project timestamp="1532594209">
    <package name="Thinktomorrow\AssetLibrary">
      <file name="/Users/philippedamen/projects/assetlibrary/src/AssetLibraryServiceProvider.php">
        <class name="Thinktomorrow\AssetLibrary\AssetLibraryServiceProvider" namespace="Thinktomorrow\AssetLibrary">
          <metrics complexity="4" methods="2" coveredmethods="1" conditionals="0" coveredconditionals="0" statements="18" coveredstatements="17" elements="20" coveredelements="18"/>
        </class>
        <line num="22" type="method" name="register" visibility="public" complexity="1" crap="1.00" count="66"/>
        <line num="24" type="stmt" count="66"/>
        <line num="25" type="stmt" count="66"/>
        <line num="26" type="stmt" count="66"/>
        <line num="28" type="stmt" count="66"/>
        <line num="31" type="stmt" count="0"/>
        <line num="32" type="stmt" count="66"/>
        <line num="34" type="stmt" count="66"/>
        <line num="35" type="stmt" count="66"/>
        <line num="37" type="method" name="publishMigrations" visibility="public" complexity="3" crap="3" count="66"/>
        <line num="39" type="stmt" count="66"/>
        <line num="40" type="stmt" count="1"/>
        <line num="41" type="stmt" count="1"/>
        <line num="42" type="stmt" count="1"/>
        <line num="43" type="stmt" count="1"/>
        <line num="46" type="stmt" count="66"/>
        <line num="47" type="stmt" count="1"/>
        <line num="48" type="stmt" count="1"/>
        <line num="49" type="stmt" count="1"/>
        <line num="51" type="stmt" count="66"/>
        <metrics loc="52" ncloc="42" classes="1" methods="2" coveredmethods="1" conditionals="0" coveredconditionals="0" statements="18" coveredstatements="17" elements="20" coveredelements="18"/>
      </file>
    </package>
    <package name="Thinktomorrow\AssetLibrary\Exceptions">
      <file name="/Users/philippedamen/projects/assetlibrary/src/Exceptions/AssetUploadException.php">
        <class name="Thinktomorrow\AssetLibrary\Exceptions\AssetUploadException" namespace="Thinktomorrow\AssetLibrary\Exceptions">
          <metrics complexity="1" methods="1" coveredmethods="1" conditionals="0" coveredconditionals="0" statements="1" coveredstatements="1" elements="2" coveredelements="2"/>
        </class>
        <line num="9" type="method" name="create" visibility="public" complexity="1" crap="1" count="1"/>
        <line num="11" type="stmt" count="1"/>
        <metrics loc="13" ncloc="13" classes="1" methods="1" coveredmethods="1" conditionals="0" coveredconditionals="0" statements="1" coveredstatements="1" elements="2" coveredelements="2"/>
      </file>
      <file name="/Users/philippedamen/projects/assetlibrary/src/Exceptions/ConfigException.php">
        <class name="Thinktomorrow\AssetLibrary\Exceptions\ConfigException" namespace="Thinktomorrow\AssetLibrary\Exceptions">
          <metrics complexity="1" methods="1" coveredmethods="1" conditionals="0" coveredconditionals="0" statements="1" coveredstatements="1" elements="2" coveredelements="2"/>
        </class>
        <line num="9" type="method" name="create" visibility="public" complexity="1" crap="1" count="1"/>
        <line num="11" type="stmt" count="1"/>
        <metrics loc="13" ncloc="13" classes="1" methods="1" coveredmethods="1" conditionals="0" coveredconditionals="0" statements="1" coveredstatements="1" elements="2" coveredelements="2"/>
      </file>
      <file name="/Users/philippedamen/projects/assetlibrary/src/Exceptions/CorruptMediaException.php">
        <class name="Thinktomorrow\AssetLibrary\Exceptions\CorruptMediaException" namespace="Thinktomorrow\AssetLibrary\Exceptions">
          <metrics complexity="1" methods="1" coveredmethods="1" conditionals="0" coveredconditionals="0" statements="1" coveredstatements="1" elements="2" coveredelements="2"/>
        </class>
        <line num="9" type="method" name="corrupt" visibility="public" complexity="1" crap="1" count="1"/>
        <line num="11" type="stmt" count="1"/>
        <metrics loc="13" ncloc="13" classes="1" methods="1" coveredmethods="1" conditionals="0" coveredconditionals="0" statements="1" coveredstatements="1" elements="2" coveredelements="2"/>
      </file>
    </package>
    <package name="Thinktomorrow\AssetLibrary\Models">
      <file name="/Users/philippedamen/projects/assetlibrary/src/Models/Asset.php">
        <class name="Thinktomorrow\AssetLibrary\Models\Asset" namespace="Thinktomorrow\AssetLibrary\Models">
          <metrics complexity="40" methods="17" coveredmethods="17" conditionals="0" coveredconditionals="0" statements="78" coveredstatements="78" elements="95" coveredelements="95"/>
        </class>
        <line num="35" type="method" name="attachToModel" visibility="public" complexity="2" crap="2" count="37"/>
        <line num="37" type="stmt" count="37"/>
        <line num="38" type="stmt" count="1"/>
        <line num="41" type="stmt" count="37"/>
        <line num="43" type="stmt" count="37"/>
        <line num="45" type="stmt" count="37"/>
        <line num="47" type="stmt" count="37"/>
        <line num="53" type="method" name="hasFile" visibility="public" complexity="1" crap="1" count="1"/>
        <line num="55" type="stmt" count="1"/>
        <line num="62" type="method" name="getFilename" visibility="public" complexity="1" crap="1" count="14"/>
        <line num="64" type="stmt" count="14"/>
        <line num="71" type="method" name="getFileUrl" visibility="public" complexity="2" crap="2" count="45"/>
        <line num="73" type="stmt" count="45"/>
        <line num="75" type="stmt" count="45"/>
        <line num="76" type="stmt" count="1"/>
        <line num="79" type="stmt" count="44"/>
        <line num="88" type="method" name="getImageUrl" visibility="public" complexity="4" crap="4" count="9"/>
        <line num="90" type="stmt" count="9"/>
        <line num="91" type="stmt" count="1"/>
        <line num="93" type="stmt" count="8"/>
        <line num="94" type="stmt" count="8"/>
        <line num="95" type="stmt" count="7"/>
        <line num="96" type="stmt" count="1"/>
        <line num="97" type="stmt" count="1"/>
        <line num="100" type="stmt" count="1"/>
        <line num="106" type="method" name="getExtensionForFilter" visibility="public" complexity="2" crap="2" count="2"/>
        <line num="108" type="stmt" count="2"/>
        <line num="109" type="stmt" count="2"/>
        <line num="112" type="stmt" count="1"/>
        <line num="118" type="method" name="getExtensionType" visibility="public" complexity="5" crap="5" count="10"/>
        <line num="120" type="stmt" count="10"/>
        <line num="121" type="stmt" count="10"/>
        <line num="123" type="stmt" count="10"/>
        <line num="124" type="stmt" count="1"/>
        <line num="126" type="stmt" count="10"/>
        <line num="127" type="stmt" count="9"/>
        <line num="129" type="stmt" count="3"/>
        <line num="130" type="stmt" count="2"/>
        <line num="133" type="stmt" count="2"/>
        <line num="139" type="method" name="getMimeType" visibility="public" complexity="2" crap="2" count="2"/>
        <line num="141" type="stmt" count="2"/>
        <line num="147" type="method" name="isMediaEmpty" visibility="public" complexity="1" crap="1" count="5"/>
        <line num="149" type="stmt" count="5"/>
        <line num="155" type="method" name="getSize" visibility="public" complexity="2" crap="2" count="2"/>
        <line num="157" type="stmt" count="2"/>
        <line num="164" type="method" name="getDimensions" visibility="public" complexity="3" crap="3" count="3"/>
        <line num="166" type="stmt" count="3"/>
        <line num="167" type="stmt" count="1"/>
        <line num="171" type="stmt" count="2"/>
        <line num="172" type="stmt" count="1"/>
        <line num="174" type="stmt" count="1"/>
        <line num="177" type="stmt" count="1"/>
        <line num="184" type="method" name="remove" visibility="public" complexity="3" crap="3" count="5"/>
        <line num="186" type="stmt" count="5"/>
        <line num="187" type="stmt" count="2"/>
        <line num="188" type="stmt" count="2"/>
        <line num="191" type="stmt" count="4"/>
        <line num="193" type="stmt" count="5"/>
        <line num="195" type="method" name="removeFile" visibility="private" complexity="5" crap="5" count="5"/>
        <line num="197" type="stmt" count="5"/>
        <line num="198" type="stmt" count="1"/>
        <line num="201" type="stmt" count="4"/>
        <line num="203" type="stmt" count="4"/>
        <line num="205" type="stmt" count="4"/>
        <line num="206" type="stmt" count="4"/>
        <line num="207" type="stmt" count="4"/>
        <line num="210" type="stmt" count="4"/>
        <line num="211" type="stmt" count="4"/>
        <line num="217" type="method" name="getAllAssets" visibility="public" complexity="1" crap="1" count="6"/>
        <line num="219" type="stmt" count="6"/>
        <line num="230" type="method" name="crop" visibility="public" complexity="2" crap="2" count="2"/>
        <line num="232" type="stmt" count="2"/>
        <line num="233" type="stmt" count="1"/>
        <line num="235" type="stmt" count="1"/>
        <line num="237" type="stmt" count="1"/>
        <line num="241" type="stmt" count="1"/>
        <line num="243" type="stmt" count="1"/>
        <line num="252" type="method" name="registerMediaConversions" visibility="public" complexity="3" crap="3" count="60"/>
        <line num="254" type="stmt" count="60"/>
        <line num="256" type="stmt" count="60"/>
        <line num="257" type="stmt" count="60"/>
        <line num="258" type="stmt" count="60"/>
        <line num="259" type="stmt" count="60"/>
        <line num="260" type="stmt" count="60"/>
        <line num="261" type="stmt" count="60"/>
        <line num="262" type="stmt" count="60"/>
        <line num="265" type="stmt" count="60"/>
        <line num="266" type="stmt" count="1"/>
        <line num="267" type="stmt" count="1"/>
        <line num="268" type="stmt" count="1"/>
        <line num="269" type="stmt" count="1"/>
        <line num="271" type="stmt" count="60"/>
        <line num="273" type="method" name="setOrder" visibility="public" complexity="1" crap="1" count="4"/>
        <line num="275" type="stmt" count="4"/>
        <line num="277" type="stmt" count="4"/>
        <metrics loc="279" ncloc="205" classes="1" methods="17" coveredmethods="17" conditionals="0" coveredconditionals="0" statements="78" coveredstatements="78" elements="95" coveredelements="95"/>
      </file>
      <file name="/Users/philippedamen/projects/assetlibrary/src/Models/AssetUploader.php">
        <class name="Thinktomorrow\AssetLibrary\Models\AssetUploader" namespace="Thinktomorrow\AssetLibrary\Models">
          <metrics complexity="19" methods="6" coveredmethods="6" conditionals="0" coveredconditionals="0" statements="53" coveredstatements="53" elements="59" coveredelements="59"/>
        </class>
        <line num="22" type="method" name="upload" visibility="public" complexity="6" crap="6" count="57"/>
        <line num="24" type="stmt" count="57"/>
        <line num="25" type="stmt" count="11"/>
        <line num="28" type="stmt" count="57"/>
        <line num="29" type="stmt" count="4"/>
        <line num="32" type="stmt" count="54"/>
        <line num="33" type="stmt" count="1"/>
        <line num="36" type="stmt" count="53"/>
        <line num="37" type="stmt" count="53"/>
        <line num="39" type="stmt" count="53"/>
        <line num="42" type="method" name="uploadMultiple" visibility="private" complexity="2" crap="2" count="4"/>
        <line num="44" type="stmt" count="4"/>
        <line num="46" type="stmt" count="4"/>
        <line num="47" type="stmt" count="1"/>
        <line num="49" type="stmt" count="4"/>
        <line num="50" type="stmt" count="4"/>
        <line num="51" type="stmt" count="4"/>
        <line num="53" type="stmt" count="4"/>
        <line num="55" type="stmt" count="4"/>
        <line num="69" type="method" name="uploadFromBase64" visibility="public" complexity="1" crap="1" count="4"/>
        <line num="71" type="stmt" count="4"/>
        <line num="72" type="stmt" count="4"/>
        <line num="74" type="stmt" count="4"/>
        <line num="88" type="method" name="uploadToAsset" visibility="public" complexity="5" crap="5" count="56"/>
        <line num="90" type="stmt" count="56"/>
        <line num="91" type="stmt" count="56"/>
        <line num="92" type="stmt" count="53"/>
        <line num="94" type="stmt" count="53"/>
        <line num="97" type="stmt" count="56"/>
        <line num="99" type="stmt" count="56"/>
        <line num="100" type="stmt" count="56"/>
        <line num="101" type="stmt" count="56"/>
        <line num="103" type="stmt" count="56"/>
        <line num="104" type="stmt" count="56"/>
        <line num="105" type="stmt" count="56"/>
        <line num="107" type="stmt" count="56"/>
        <line num="108" type="stmt" count="1"/>
        <line num="111" type="stmt" count="56"/>
        <line num="112" type="stmt" count="2"/>
        <line num="115" type="stmt" count="56"/>
        <line num="117" type="stmt" count="56"/>
        <line num="132" type="method" name="uploadBase64ToAsset" visibility="public" complexity="4" crap="4" count="4"/>
        <line num="134" type="stmt" count="4"/>
        <line num="135" type="stmt" count="4"/>
        <line num="136" type="stmt" count="1"/>
        <line num="139" type="stmt" count="4"/>
        <line num="140" type="stmt" count="3"/>
        <line num="142" type="stmt" count="1"/>
        <line num="143" type="stmt" count="1"/>
        <line num="144" type="stmt" count="1"/>
        <line num="145" type="stmt" count="1"/>
        <line num="149" type="stmt" count="4"/>
        <line num="150" type="stmt" count="4"/>
        <line num="151" type="stmt" count="4"/>
        <line num="153" type="stmt" count="4"/>
        <line num="154" type="stmt" count="4"/>
        <line num="156" type="stmt" count="4"/>
        <line num="163" type="method" name="isImage" visibility="private" complexity="1" crap="1" count="56"/>
        <line num="165" type="stmt" count="56"/>
        <metrics loc="167" ncloc="119" classes="1" methods="6" coveredmethods="6" conditionals="0" coveredconditionals="0" statements="53" coveredstatements="53" elements="59" coveredelements="59"/>
      </file>
    </package>
    <package name="Thinktomorrow\AssetLibrary\Traits">
      <file name="/Users/philippedamen/projects/assetlibrary/src/Traits/AssetTrait.php">
        <class name="AssetTrait" namespace="Thinktomorrow\AssetLibrary\Traits">
          <metrics complexity="26" methods="12" coveredmethods="12" conditionals="0" coveredconditionals="0" statements="55" coveredstatements="55" elements="67" coveredelements="67"/>
        </class>
        <line num="16" type="method" name="assets" visibility="public" complexity="1" crap="1" count="37"/>
        <line num="18" type="stmt" count="37"/>
        <line num="26" type="method" name="hasFile" visibility="public" complexity="2" crap="2" count="4"/>
        <line num="28" type="stmt" count="4"/>
        <line num="30" type="stmt" count="4"/>
        <line num="38" type="method" name="getFilename" visibility="public" complexity="1" crap="1" count="6"/>
        <line num="40" type="stmt" count="6"/>
        <line num="49" type="method" name="getFileUrl" visibility="public" complexity="6" crap="6" count="26"/>
        <line num="51" type="stmt" count="26"/>
        <line num="52" type="stmt" count="2"/>
        <line num="55" type="stmt" count="26"/>
        <line num="57" type="stmt" count="26"/>
        <line num="58" type="stmt" count="26"/>
        <line num="59" type="stmt" count="9"/>
        <line num="62" type="stmt" count="26"/>
        <line num="63" type="stmt" count="1"/>
        <line num="66" type="stmt" count="26"/>
        <line num="80" type="method" name="addFile" visibility="public" complexity="4" crap="4" count="22"/>
        <line num="82" type="stmt" count="22"/>
        <line num="83" type="stmt" count="2"/>
        <line num="85" type="stmt" count="22"/>
        <line num="87" type="stmt" count="22"/>
        <line num="88" type="stmt" count="4"/>
        <line num="90" type="stmt" count="18"/>
        <line num="93" type="stmt" count="22"/>
        <line num="94" type="stmt" count="22"/>
        <line num="97" type="stmt" count="21"/>
        <line num="111" type="method" name="addFiles" visibility="public" complexity="3" crap="3" count="7"/>
        <line num="113" type="stmt" count="7"/>
        <line num="114" type="stmt" count="7"/>
        <line num="115" type="stmt" count="7"/>
        <line num="117" type="stmt" count="7"/>
        <line num="118" type="stmt" count="7"/>
        <line num="119" type="stmt" count="7"/>
        <line num="122" type="stmt" count="7"/>
        <line num="128" type="method" name="getAllImages" visibility="public" complexity="1" crap="1" count="1"/>
        <line num="131" type="stmt" count="1"/>
        <line num="132" type="stmt" count="1"/>
        <line num="134" type="stmt" count="1"/>
        <line num="142" type="method" name="deleteAsset" visibility="public" complexity="1" crap="1" count="1"/>
        <line num="144" type="stmt" count="1"/>
        <line num="145" type="stmt" count="1"/>
        <line num="155" type="method" name="replaceAsset" visibility="public" complexity="1" crap="1" count="2"/>
        <line num="157" type="stmt" count="2"/>
        <line num="159" type="stmt" count="2"/>
        <line num="160" type="stmt" count="2"/>
        <line num="162" type="stmt" count="2"/>
        <line num="163" type="stmt" count="2"/>
        <line num="170" type="method" name="getAllFiles" visibility="public" complexity="3" crap="3" count="11"/>
        <line num="172" type="stmt" count="11"/>
        <line num="175" type="stmt" count="11"/>
        <line num="177" type="stmt" count="11"/>
        <line num="178" type="stmt" count="6"/>
        <line num="181" type="stmt" count="11"/>
        <line num="182" type="stmt" count="11"/>
        <line num="185" type="stmt" count="11"/>
        <line num="192" type="method" name="sortFiles" visibility="public" complexity="2" crap="2" count="2"/>
        <line num="194" type="stmt" count="2"/>
        <line num="196" type="stmt" count="2"/>
        <line num="197" type="stmt" count="2"/>
        <line num="198" type="stmt" count="2"/>
        <line num="199" type="stmt" count="2"/>
        <line num="201" type="stmt" count="2"/>
        <line num="202" type="stmt" count="2"/>
        <line num="208" type="method" name="normalizeLocaleString" visibility="private" complexity="1" crap="1" count="34"/>
        <line num="210" type="stmt" count="34"/>
        <line num="212" type="stmt" count="34"/>
        <metrics loc="214" ncloc="143" classes="1" methods="12" coveredmethods="12" conditionals="0" coveredconditionals="0" statements="55" coveredstatements="55" elements="67" coveredelements="67"/>
      </file>
    </package>
    <package name="Thinktomorrow\AssetLibrary\Utilities">
      <file name="/Users/philippedamen/projects/assetlibrary/src/Utilities/AssetFormHelper.php">
        <class name="Thinktomorrow\AssetLibrary\Utilities\AssetFormHelper" namespace="Thinktomorrow\AssetLibrary\Utilities">
          <metrics complexity="3" methods="2" coveredmethods="2" conditionals="0" coveredconditionals="0" statements="5" coveredstatements="5" elements="7" coveredelements="7"/>
        </class>
        <line num="16" type="method" name="typeField" visibility="public" complexity="2" crap="2" count="3"/>
        <line num="18" type="stmt" count="3"/>
        <line num="20" type="stmt" count="3"/>
        <line num="21" type="stmt" count="3"/>
        <line num="24" type="stmt" count="1"/>
        <line num="34" type="method" name="localeField" visibility="public" complexity="1" crap="1" count="1"/>
        <line num="36" type="stmt" count="1"/>
        <metrics loc="38" ncloc="22" classes="1" methods="2" coveredmethods="2" conditionals="0" coveredconditionals="0" statements="5" coveredstatements="5" elements="7" coveredelements="7"/>
      </file>
    </package>
    <metrics files="8" loc="789" ncloc="570" classes="8" methods="42" coveredmethods="41" conditionals="0" coveredconditionals="0" statements="212" coveredstatements="211" elements="254" coveredelements="252"/>
  </project>
</coverage>
